<?xml version="1.0" encoding="UTF-8"?>
<testng-results skipped="0" failed="0" ignored="0" total="1" passed="1">
  <reporter-output>
  </reporter-output>
  <suite name="Default suite" duration-ms="651" started-at="2017-06-17T13:04:18Z" finished-at="2017-06-17T13:04:19Z">
    <groups>
    </groups>
    <test name="Default test" duration-ms="651" started-at="2017-06-17T13:04:18Z" finished-at="2017-06-17T13:04:19Z">
      <class name="database.MySqlConnect">
        <test-method status="PASS" signature="testDB()[pri:0, instance:database.MySqlConnect@1810399e]" name="testDB" duration-ms="601" started-at="2017-06-17T18:34:18Z" finished-at="2017-06-17T18:34:19Z">
          <reporter-output>
          </reporter-output>
        </test-method> <!-- testDB -->
      </class> <!-- database.MySqlConnect -->
    </test> <!-- Default test -->
  </suite> <!-- Default suite -->
</testng-results>
